TN:
SF:src\App.jsx
FN:43,PublicRoute
FN:63,ProtectedRoute
FN:101,AppRoutes
FN:287,App
FNF:4
FNH:4
FNDA:12,PublicRoute
FNDA:58,ProtectedRoute
FNDA:39,AppRoutes
FNDA:39,App
DA:45,12
DA:49,12
DA:51,1
DA:57,11
DA:65,58
DA:69,58
DA:71,27
DA:87,31
DA:89,3
DA:95,28
DA:103,39
DA:289,39
LF:12
LH:12
BRDA:49,0,0,1
BRDA:49,0,1,11
BRDA:49,1,0,12
BRDA:49,1,1,8
BRDA:69,2,0,27
BRDA:69,2,1,31
BRDA:87,3,0,3
BRDA:87,3,1,28
BRF:8
BRH:8
end_of_record
TN:
SF:src\components\appointments\AppointmentCard.jsx
FNF:0
FNH:0
LF:0
LH:0
BRF:0
BRH:0
end_of_record
TN:
SF:src\components\auth\SocialLogin.jsx
FN:19,ProviderFallbackModal
FN:46,(anonymous_1)
FN:61,(anonymous_2)
FN:71,SocialLogin
FN:78,(anonymous_4)
FN:91,(anonymous_5)
FN:98,(anonymous_6)
FN:123,(anonymous_7)
FN:144,(anonymous_8)
FN:157,(anonymous_9)
FN:168,(anonymous_10)
FN:184,(anonymous_11)
FNF:12
FNH:1
FNDA:0,ProviderFallbackModal
FNDA:0,(anonymous_1)
FNDA:0,(anonymous_2)
FNDA:44,SocialLogin
FNDA:0,(anonymous_4)
FNDA:0,(anonymous_5)
FNDA:0,(anonymous_6)
FNDA:0,(anonymous_7)
FNDA:0,(anonymous_8)
FNDA:0,(anonymous_9)
FNDA:0,(anonymous_10)
FNDA:0,(anonymous_11)
DA:13,11
DA:20,0
DA:21,0
DA:23,0
DA:46,0
DA:61,0
DA:72,44
DA:73,44
DA:74,44
DA:75,44
DA:76,44
DA:78,44
DA:79,0
DA:80,0
DA:81,0
DA:82,0
DA:83,0
DA:84,0
DA:85,0
DA:87,0
DA:91,44
DA:92,0
DA:98,44
DA:99,0
DA:100,0
DA:101,0
DA:102,0
DA:104,0
DA:105,0
DA:106,0
DA:107,0
DA:108,0
DA:109,0
DA:116,0
DA:117,0
DA:119,0
DA:123,44
DA:124,0
DA:125,0
DA:126,0
DA:127,0
DA:129,0
DA:136,44
DA:144,0
DA:157,0
DA:168,0
DA:185,0
DA:186,0
LF:48
LH:11
BRDA:29,0,0,0
BRDA:29,0,1,0
BRDA:35,1,0,0
BRDA:35,1,1,0
BRDA:44,2,0,0
BRDA:44,2,1,0
BRDA:49,3,0,0
BRDA:49,3,1,0
BRDA:63,4,0,0
BRDA:63,4,1,0
BRDA:71,5,0,44
BRDA:83,6,0,0
BRDA:83,6,1,0
BRDA:85,7,0,0
BRDA:85,7,1,0
BRDA:87,8,0,0
BRDA:87,8,1,0
BRDA:100,9,0,0
BRDA:100,9,1,0
BRDA:116,10,0,0
BRDA:116,10,1,0
BRDA:125,11,0,0
BRDA:125,11,1,0
BRDA:140,12,0,0
BRDA:140,12,1,44
BRDA:168,13,0,0
BRDA:168,13,1,0
BRDA:175,14,0,44
BRDA:175,14,1,0
BRDA:175,14,2,0
BRDA:181,15,0,44
BRDA:181,15,1,0
BRF:32
BRH:4
end_of_record
TN:
SF:src\components\booking\TimeSlot.jsx
FN:12,TimeSlot
FN:38,(anonymous_1)
FNF:2
FNH:2
FNDA:66,TimeSlot
FNDA:2,(anonymous_1)
DA:13,66
DA:14,66
DA:15,66
DA:17,66
DA:18,18
DA:31,48
DA:38,2
LF:7
LH:7
BRDA:17,0,0,18
BRDA:17,0,1,48
BRDA:34,1,0,3
BRDA:34,1,1,45
BRF:4
BRH:4
end_of_record
TN:
SF:src\components\booking\TimeSlotGroup.jsx
FN:3,TimeSlotGroup
FN:17,(anonymous_1)
FNF:2
FNH:2
FNDA:16,TimeSlotGroup
FNDA:64,(anonymous_1)
DA:11,16
DA:13,8
DA:18,64
DA:19,64
DA:20,64
DA:22,64
LF:6
LH:6
BRDA:11,0,0,8
BRDA:11,0,1,8
BRDA:27,1,0,64
BRDA:27,1,1,47
BRF:4
BRH:4
end_of_record
TN:
SF:src\components\booking\timeSlotStatus.js
FN:8,resolveSlotStatus
FNF:1
FNH:1
FNDA:67,resolveSlotStatus
DA:2,13
DA:9,67
DA:10,57
DA:11,48
DA:14,13
DA:20,13
LF:6
LH:6
BRDA:9,0,0,10
BRDA:9,0,1,57
BRDA:10,1,0,9
BRDA:10,1,1,48
BRF:4
BRH:4
end_of_record
TN:
SF:src\components\dashboard\Dashboard.jsx
FNF:0
FNH:0
LF:0
LH:0
BRF:0
BRH:0
end_of_record
TN:
SF:src\components\doctors\DoctorCard.jsx
FNF:0
FNH:0
LF:0
LH:0
BRF:0
BRH:0
end_of_record
TN:
SF:src\components\footer\Footer.jsx
FNF:0
FNH:0
LF:0
LH:0
BRF:0
BRH:0
end_of_record
TN:
SF:src\components\hero\Hero.jsx
FNF:0
FNH:0
LF:0
LH:0
BRF:0
BRH:0
end_of_record
TN:
SF:src\components\how-it-works\HowItWorksModal.jsx
FN:55,HowItWorksModal
FN:58,(anonymous_1)
FN:61,(anonymous_2)
FN:68,(anonymous_3)
FN:97,(anonymous_4)
FN:112,(anonymous_5)
FN:153,(anonymous_6)
FN:159,(anonymous_7)
FNF:8
FNH:5
FNDA:24,HowItWorksModal
FNDA:24,(anonymous_1)
FNDA:0,(anonymous_2)
FNDA:1,(anonymous_3)
FNDA:6,(anonymous_4)
FNDA:3,(anonymous_5)
FNDA:0,(anonymous_6)
FNDA:0,(anonymous_7)
DA:4,11
DA:49,11
DA:56,24
DA:58,24
DA:59,24
DA:61,1
DA:62,0
DA:65,1
DA:66,1
DA:68,1
DA:69,1
DA:70,1
DA:74,24
DA:76,1
DA:97,6
DA:112,3
DA:153,0
DA:159,0
LF:18
LH:15
BRDA:59,0,0,23
BRDA:59,0,1,1
BRDA:62,1,0,0
BRDA:62,1,1,0
BRDA:74,2,0,23
BRDA:74,2,1,1
BRF:6
BRH:4
end_of_record
TN:
SF:src\components\layout\AppFooter.jsx
FN:12,AppFooter
FN:21,(anonymous_1)
FNF:2
FNH:2
FNDA:72,AppFooter
FNDA:288,(anonymous_1)
DA:5,11
DA:13,72
DA:21,288
LF:3
LH:3
BRDA:12,0,0,72
BRDA:14,1,0,0
BRDA:14,1,1,72
BRF:3
BRH:2
end_of_record
TN:
SF:src\components\layout\AppNavbar.jsx
FN:13,AppNavbar
FN:18,(anonymous_1)
FN:30,(anonymous_2)
FN:42,(anonymous_3)
FNF:4
FNH:3
FNDA:49,AppNavbar
FNDA:1,(anonymous_1)
FNDA:245,(anonymous_2)
FNDA:0,(anonymous_3)
DA:5,11
DA:14,49
DA:15,49
DA:16,49
DA:18,49
DA:19,1
DA:20,1
DA:23,49
DA:30,245
DA:42,0
LF:10
LH:9
BRDA:34,0,0,15
BRDA:34,0,1,230
BRDA:34,1,0,245
BRDA:34,1,1,98
BRF:4
BRH:4
end_of_record
TN:
SF:src\components\layout\DoctorLayout.jsx
FN:18,DoctorLayout
FN:29,(anonymous_1)
FN:36,(anonymous_2)
FN:44,(anonymous_3)
FN:49,(anonymous_4)
FN:57,(anonymous_5)
FN:60,(anonymous_6)
FN:77,(anonymous_7)
FN:87,(anonymous_8)
FN:87,(anonymous_9)
FN:91,(anonymous_10)
FN:96,(anonymous_11)
FNF:12
FNH:7
FNDA:60,DoctorLayout
FNDA:0,(anonymous_1)
FNDA:0,(anonymous_2)
FNDA:360,(anonymous_3)
FNDA:360,(anonymous_4)
FNDA:0,(anonymous_5)
FNDA:1,(anonymous_6)
FNDA:5,(anonymous_7)
FNDA:1,(anonymous_8)
FNDA:1,(anonymous_9)
FNDA:0,(anonymous_10)
FNDA:0,(anonymous_11)
DA:9,11
DA:24,60
DA:25,60
DA:26,60
DA:27,60
DA:29,60
DA:30,0
DA:31,0
DA:34,60
DA:36,0
DA:44,360
DA:49,360
DA:57,0
DA:60,1
DA:77,5
DA:87,1
DA:91,0
DA:96,0
LF:18
LH:12
BRDA:20,0,0,60
BRDA:21,1,0,60
BRDA:49,2,0,60
BRDA:49,2,1,300
BRDA:102,3,0,60
BRDA:102,3,1,0
BRF:6
BRH:5
end_of_record
TN:
SF:src\components\layout\HelpModal.jsx
FN:1,HelpModal
FNF:1
FNH:1
FNDA:62,HelpModal
DA:2,62
DA:4,2
LF:2
LH:2
BRDA:2,0,0,60
BRDA:2,0,1,2
BRF:2
BRH:2
end_of_record
TN:
SF:src\components\layout\LegalLink.jsx
FN:3,LegalLink
FNF:1
FNH:1
FNDA:481,LegalLink
DA:4,481
LF:1
LH:1
BRF:0
BRH:0
end_of_record
TN:
SF:src\components\layout\NotificationsPanel.jsx
FN:7,NotificationsPanel
FN:36,(anonymous_1)
FNF:2
FNH:2
FNDA:62,NotificationsPanel
FNDA:4,(anonymous_1)
DA:1,12
DA:8,62
DA:10,2
DA:36,4
LF:4
LH:4
BRDA:7,0,0,62
BRDA:8,1,0,60
BRDA:8,1,1,2
BRDA:42,2,0,3
BRDA:42,2,1,1
BRF:5
BRH:5
end_of_record
TN:
SF:src\components\layout\PublicNavbar.jsx
FN:12,PublicNavbar
FN:25,(anonymous_1)
FN:38,(anonymous_2)
FN:43,(anonymous_3)
FN:46,(anonymous_4)
FNF:5
FNH:2
FNDA:29,PublicNavbar
FNDA:116,(anonymous_1)
FNDA:0,(anonymous_2)
FNDA:0,(anonymous_3)
FNDA:0,(anonymous_4)
DA:5,11
DA:13,29
DA:14,29
DA:15,29
DA:16,29
DA:18,29
DA:25,116
DA:38,0
DA:43,0
DA:46,0
LF:10
LH:7
BRDA:16,0,0,29
BRDA:16,0,1,0
BRDA:29,1,0,29
BRDA:29,1,1,87
BRDA:37,2,0,0
BRDA:37,2,1,29
BRF:6
BRH:4
end_of_record
TN:
SF:src\components\navbar\Navbar.jsx
FNF:0
FNH:0
LF:0
LH:0
BRF:0
BRH:0
end_of_record
TN:
SF:src\components\sidebar\Sidebar.jsx
FNF:0
FNH:0
LF:0
LH:0
BRF:0
BRH:0
end_of_record
TN:
SF:src\config\msalConfig.js
FN:22,getMsalInstance
FNF:1
FNH:0
FNDA:0,getMsalInstance
DA:3,11
DA:5,11
DA:16,11
DA:20,11
DA:23,0
DA:24,0
DA:25,0
DA:27,0
LF:8
LH:4
BRDA:3,0,0,11
BRDA:3,0,1,11
BRDA:9,1,0,11
BRDA:9,1,1,0
BRDA:23,2,0,0
BRDA:23,2,1,0
BRDA:24,3,0,0
BRDA:24,3,1,0
BRF:8
BRH:3
end_of_record
TN:
SF:src\design-system\components\Button\Button.jsx
FN:18,Button
FNF:1
FNH:1
FNDA:2,Button
DA:5,1
DA:12,1
DA:18,1
DA:22,2
DA:29,2
LF:5
LH:5
BRDA:19,0,0,2
BRDA:19,1,0,2
BRDA:19,2,0,2
BRF:3
BRH:3
end_of_record
TN:
SF:src\design-system\components\Button\index.js
FNF:0
FNH:0
LF:0
LH:0
BRF:0
BRH:0
end_of_record
TN:
SF:src\design-system\components\Input\Input.jsx
FN:5,Input
FNF:1
FNH:1
FNDA:1,Input
DA:5,1
DA:9,1
LF:2
LH:2
BRDA:6,0,0,1
BRDA:11,1,0,1
BRDA:11,1,1,1
BRDA:12,2,0,1
BRDA:12,2,1,0
BRDA:13,3,0,1
BRDA:13,3,1,1
BRF:7
BRH:6
end_of_record
TN:
SF:src\design-system\components\Input\index.js
FNF:0
FNH:0
LF:0
LH:0
BRF:0
BRH:0
end_of_record
TN:
SF:src\hooks\AuthContext.js
FNF:0
FNH:0
DA:3,11
LF:1
LH:1
BRF:0
BRH:0
end_of_record
TN:
SF:src\hooks\AuthProvider.jsx
FN:7,AuthProvider
FN:11,(anonymous_1)
FN:12,(anonymous_2)
FN:13,(anonymous_3)
FN:15,(anonymous_4)
FN:18,(anonymous_5)
FN:38,(anonymous_6)
FN:43,(anonymous_7)
FN:57,(anonymous_8)
FN:76,(anonymous_9)
FN:85,(anonymous_10)
FNF:11
FNH:9
FNDA:83,AuthProvider
FNDA:252,(anonymous_1)
FNDA:252,(anonymous_2)
FNDA:252,(anonymous_3)
FNDA:41,(anonymous_4)
FNDA:41,(anonymous_5)
FNDA:41,(anonymous_6)
FNDA:1,(anonymous_7)
FNDA:0,(anonymous_8)
FNDA:1,(anonymous_9)
FNDA:0,(anonymous_10)
DA:8,83
DA:9,83
DA:11,252
DA:12,252
DA:13,252
DA:15,83
DA:16,41
DA:18,41
DA:19,41
DA:20,28
DA:21,28
DA:22,28
DA:23,28
DA:26,0
DA:27,0
DA:31,41
DA:32,41
DA:36,41
DA:38,41
DA:39,41
DA:43,83
DA:44,1
DA:45,1
DA:47,1
DA:48,1
DA:51,1
DA:53,0
DA:54,0
DA:57,83
DA:58,0
DA:59,0
DA:61,0
DA:62,0
DA:63,0
DA:65,0
DA:66,0
DA:67,0
DA:68,0
DA:70,0
DA:72,0
DA:73,0
DA:76,83
DA:77,1
DA:78,1
DA:82,1
DA:85,83
DA:86,0
DA:87,0
DA:88,0
DA:89,0
DA:91,0
DA:93,0
DA:97,83
DA:99,83
LF:54
LH:32
BRDA:19,0,0,28
BRDA:19,0,1,13
BRDA:22,1,0,28
BRDA:22,1,1,0
BRDA:26,2,0,0
BRDA:26,2,1,0
BRDA:31,3,0,41
BRDA:31,3,1,0
BRDA:47,4,0,1
BRDA:47,4,1,0
BRDA:47,5,0,1
BRDA:47,5,1,1
BRDA:53,6,0,0
BRDA:53,6,1,0
BRDA:61,7,0,0
BRDA:61,7,1,0
BRDA:62,8,0,0
BRDA:62,8,1,0
BRDA:65,9,0,0
BRDA:65,9,1,0
BRDA:70,10,0,0
BRDA:70,10,1,0
BRDA:70,10,2,0
BRDA:72,11,0,0
BRDA:72,11,1,0
BRDA:88,12,0,0
BRDA:88,12,1,0
BRDA:88,13,0,0
BRDA:88,13,1,0
BRF:29
BRH:7
end_of_record
TN:
SF:src\hooks\index.js
FNF:0
FNH:0
LF:0
LH:0
BRF:0
BRH:0
end_of_record
TN:
SF:src\hooks\useAuth.js
FN:5,useAuth
FNF:1
FNH:1
FNDA:343,useAuth
DA:6,343
DA:7,343
DA:8,0
DA:10,343
LF:4
LH:3
BRDA:7,0,0,0
BRDA:7,0,1,343
BRF:2
BRH:1
end_of_record
TN:
SF:src\pages\AdminUsers.jsx
FN:12,AdminUsers
FN:13,(anonymous_1)
FN:14,(anonymous_2)
FN:15,(anonymous_3)
FN:16,(anonymous_4)
FN:27,(anonymous_5)
FN:31,(anonymous_6)
FN:33,(anonymous_7)
FN:40,(anonymous_8)
FN:47,(anonymous_9)
FN:62,(anonymous_10)
FN:92,(anonymous_11)
FN:97,(anonymous_12)
FN:111,(anonymous_13)
FN:142,(anonymous_14)
FN:172,(anonymous_15)
FN:175,(anonymous_16)
FN:188,(anonymous_17)
FN:188,(anonymous_18)
FN:191,(anonymous_19)
FN:191,(anonymous_20)
FN:196,(anonymous_21)
FN:204,(anonymous_22)
FN:204,(anonymous_23)
FN:214,(anonymous_24)
FN:218,(anonymous_25)
FN:228,(anonymous_26)
FN:237,(anonymous_27)
FN:245,(anonymous_28)
FN:257,(anonymous_29)
FN:269,(anonymous_30)
FNF:31
FNH:22
FNDA:46,AdminUsers
FNDA:140,(anonymous_1)
FNDA:140,(anonymous_2)
FNDA:140,(anonymous_3)
FNDA:140,(anonymous_4)
FNDA:10,(anonymous_5)
FNDA:12,(anonymous_6)
FNDA:1,(anonymous_7)
FNDA:1,(anonymous_8)
FNDA:2,(anonymous_9)
FNDA:1,(anonymous_10)
FNDA:184,(anonymous_11)
FNDA:1,(anonymous_12)
FNDA:2,(anonymous_13)
FNDA:87,(anonymous_14)
FNDA:1,(anonymous_15)
FNDA:1,(anonymous_16)
FNDA:0,(anonymous_17)
FNDA:0,(anonymous_18)
FNDA:91,(anonymous_19)
FNDA:91,(anonymous_20)
FNDA:2,(anonymous_21)
FNDA:0,(anonymous_22)
FNDA:0,(anonymous_23)
FNDA:0,(anonymous_24)
FNDA:0,(anonymous_25)
FNDA:14,(anonymous_26)
FNDA:17,(anonymous_27)
FNDA:0,(anonymous_28)
FNDA:0,(anonymous_29)
FNDA:0,(anonymous_30)
DA:7,11
DA:8,11
DA:10,11
DA:13,140
DA:14,140
DA:15,140
DA:16,140
DA:18,46
DA:19,46
DA:20,46
DA:21,46
DA:22,46
DA:23,46
DA:24,46
DA:26,46
DA:27,10
DA:31,46
DA:33,46
DA:34,1
DA:35,1
DA:36,1
DA:37,1
DA:40,46
DA:41,1
DA:42,1
DA:43,1
DA:44,1
DA:47,46
DA:48,2
DA:49,2
DA:50,1
DA:51,1
DA:53,1
DA:54,0
DA:56,1
DA:58,1
DA:59,1
DA:62,46
DA:63,1
DA:64,1
DA:68,46
DA:92,184
DA:98,1
DA:99,1
DA:112,2
DA:113,2
DA:142,87
DA:172,1
DA:175,1
DA:188,0
DA:191,91
DA:196,2
DA:204,0
DA:214,0
DA:218,0
DA:228,14
DA:237,17
DA:245,0
DA:257,0
DA:269,0
LF:60
LH:52
BRDA:49,0,0,1
BRDA:49,0,1,1
BRDA:49,1,0,2
BRDA:49,1,1,1
BRDA:53,2,0,0
BRDA:53,2,1,1
BRDA:63,3,0,1
BRDA:63,3,1,0
BRDA:96,4,0,46
BRDA:96,4,1,138
BRDA:161,5,0,82
BRDA:161,5,1,5
BRDA:163,6,0,3
BRDA:163,6,1,2
BRDA:195,7,0,46
BRDA:195,7,1,45
BRDA:212,8,0,46
BRDA:212,8,1,34
BRDA:217,9,0,3
BRDA:217,9,1,31
BRDA:264,10,0,34
BRDA:264,10,1,1
BRF:22
BRH:20
end_of_record
TN:
SF:src\pages\BookAppointment.jsx
FN:28,firstAvailableSlot
FN:32,(anonymous_1)
FN:36,BookAppointment
FN:38,(anonymous_3)
FN:39,(anonymous_4)
FN:40,(anonymous_5)
FN:43,(anonymous_6)
FN:57,(anonymous_7)
FN:59,(anonymous_8)
FN:61,(anonymous_9)
FN:64,(anonymous_10)
FN:76,(anonymous_11)
FN:80,(anonymous_12)
FN:86,(anonymous_13)
FN:91,(anonymous_14)
FN:99,(anonymous_15)
FN:129,(anonymous_16)
FN:130,(anonymous_17)
FN:153,(anonymous_18)
FN:158,(anonymous_19)
FNF:20
FNH:17
FNDA:5,firstAvailableSlot
FNDA:16,(anonymous_1)
FNDA:8,BookAppointment
FNDA:25,(anonymous_3)
FNDA:25,(anonymous_4)
FNDA:25,(anonymous_5)
FNDA:4,(anonymous_6)
FNDA:8,(anonymous_7)
FNDA:4,(anonymous_8)
FNDA:5,(anonymous_9)
FNDA:5,(anonymous_10)
FNDA:0,(anonymous_11)
FNDA:0,(anonymous_12)
FNDA:72,(anonymous_13)
FNDA:280,(anonymous_14)
FNDA:1,(anonymous_15)
FNDA:64,(anonymous_16)
FNDA:64,(anonymous_17)
FNDA:16,(anonymous_18)
FNDA:0,(anonymous_19)
DA:23,11
DA:29,5
DA:30,5
DA:31,5
DA:32,16
DA:37,8
DA:38,25
DA:39,25
DA:40,25
DA:42,8
DA:43,8
DA:44,4
DA:45,4
DA:46,4
DA:47,4
DA:48,4
DA:49,0
DA:51,0
DA:53,8
DA:54,8
DA:55,8
DA:57,8
DA:58,8
DA:59,8
DA:61,8
DA:62,5
DA:64,8
DA:65,5
DA:71,5
DA:72,5
DA:73,5
DA:76,8
DA:77,0
DA:80,8
DA:81,0
DA:82,0
DA:83,0
DA:86,8
DA:87,72
DA:88,72
DA:91,8
DA:92,280
DA:93,280
DA:94,240
DA:95,224
DA:96,48
DA:99,8
DA:100,1
DA:101,1
DA:103,1
DA:104,0
DA:105,0
DA:108,1
DA:109,0
DA:110,0
DA:113,1
DA:121,1
DA:122,0
DA:123,0
DA:126,1
DA:129,64
DA:130,64
DA:132,8
DA:153,16
DA:158,0
LF:65
LH:52
BRDA:31,0,0,5
BRDA:31,0,1,1
BRDA:32,1,0,16
BRDA:32,1,1,12
BRDA:48,2,0,4
BRDA:48,2,1,0
BRDA:62,3,0,5
BRDA:62,3,1,4
BRDA:81,4,0,0
BRDA:81,4,1,0
BRDA:82,5,0,0
BRDA:82,5,1,0
BRDA:82,6,0,0
BRDA:82,6,1,0
BRDA:87,7,0,0
BRDA:87,7,1,72
BRDA:92,8,0,0
BRDA:92,8,1,280
BRDA:93,9,0,40
BRDA:93,9,1,240
BRDA:94,10,0,16
BRDA:94,10,1,224
BRDA:95,11,0,176
BRDA:95,11,1,48
BRDA:103,12,0,0
BRDA:103,12,1,1
BRDA:108,13,0,0
BRDA:108,13,1,1
BRDA:117,14,0,1
BRDA:117,14,1,0
BRDA:118,15,0,1
BRDA:118,15,1,0
BRDA:121,16,0,0
BRDA:121,16,1,1
BRDA:157,17,0,8
BRDA:157,17,1,8
BRDA:190,18,0,8
BRDA:190,18,1,0
BRDA:220,19,0,8
BRDA:220,19,1,0
BRDA:220,19,2,0
BRDA:222,20,0,0
BRDA:222,20,1,0
BRDA:232,21,0,4
BRDA:232,21,1,4
BRDA:237,22,0,8
BRDA:237,22,1,0
BRDA:240,23,0,8
BRDA:240,23,1,1
BRDA:248,24,0,8
BRDA:248,24,1,4
BRF:51
BRH:31
end_of_record
TN:
SF:src\pages\DoctorAnalytics.jsx
FN:8,DoctorAnalytics
FN:16,(anonymous_1)
FNF:2
FNH:2
FNDA:1,DoctorAnalytics
FNDA:4,(anonymous_1)
DA:1,11
DA:9,1
DA:16,4
LF:3
LH:3
BRF:0
BRH:0
end_of_record
TN:
SF:src\pages\DoctorCalendar.jsx
FN:3,DoctorCalendar
FN:4,(anonymous_1)
FN:16,(anonymous_2)
FNF:3
FNH:3
FNDA:2,DoctorCalendar
FNDA:6,(anonymous_1)
FNDA:1,(anonymous_2)
DA:4,6
DA:6,2
DA:16,1
LF:3
LH:3
BRDA:12,0,0,1
BRDA:12,0,1,1
BRF:2
BRH:2
end_of_record
TN:
SF:src\pages\DoctorDashboard.jsx
FN:26,DoctorDashboard
FN:29,(anonymous_1)
FN:38,(anonymous_2)
FN:46,(anonymous_3)
FN:82,(anonymous_4)
FN:89,(anonymous_5)
FN:96,(anonymous_6)
FN:101,(anonymous_7)
FN:110,(anonymous_8)
FN:141,(anonymous_9)
FN:141,(anonymous_10)
FN:148,(anonymous_11)
FN:148,(anonymous_12)
FN:155,(anonymous_13)
FN:155,(anonymous_14)
FN:175,(anonymous_15)
FN:175,(anonymous_16)
FN:180,(anonymous_17)
FN:193,(anonymous_18)
FNF:19
FNH:14
FNDA:14,DoctorDashboard
FNDA:43,(anonymous_1)
FNDA:56,(anonymous_2)
FNDA:1,(anonymous_3)
FNDA:0,(anonymous_4)
FNDA:1,(anonymous_5)
FNDA:42,(anonymous_6)
FNDA:0,(anonymous_7)
FNDA:36,(anonymous_8)
FNDA:1,(anonymous_9)
FNDA:1,(anonymous_10)
FNDA:1,(anonymous_11)
FNDA:1,(anonymous_12)
FNDA:1,(anonymous_13)
FNDA:1,(anonymous_14)
FNDA:0,(anonymous_15)
FNDA:0,(anonymous_16)
FNDA:20,(anonymous_17)
FNDA:0,(anonymous_18)
DA:7,11
DA:14,11
DA:20,11
DA:27,14
DA:28,14
DA:29,43
DA:31,14
DA:32,14
DA:33,14
DA:34,14
DA:35,14
DA:37,14
DA:38,56
DA:43,14
DA:44,14
DA:46,14
DA:47,1
DA:48,1
DA:51,14
DA:82,0
DA:89,1
DA:96,42
DA:101,0
DA:110,36
DA:141,1
DA:148,1
DA:155,1
DA:175,0
DA:180,20
DA:193,0
LF:30
LH:26
BRDA:28,0,0,14
BRDA:28,1,0,14
BRDA:28,1,1,0
BRDA:38,2,0,56
BRDA:38,2,1,14
BRDA:44,3,0,0
BRDA:44,3,1,14
BRDA:48,4,0,1
BRDA:48,4,1,0
BRDA:77,5,0,8
BRDA:77,5,1,6
BRDA:81,6,0,8
BRDA:81,6,1,6
BRDA:88,7,0,6
BRDA:88,7,1,8
BRDA:100,8,0,14
BRDA:100,8,1,28
BRDA:107,9,0,0
BRDA:107,9,1,14
BRDA:115,10,0,36
BRDA:115,10,1,26
BRDA:116,11,0,36
BRDA:116,11,1,26
BRDA:121,12,0,14
BRDA:121,12,1,12
BRDA:157,13,0,14
BRDA:157,13,1,1
BRDA:177,14,0,0
BRDA:177,14,1,14
BRF:29
BRH:24
end_of_record
TN:
SF:src\pages\DoctorPortal.jsx
FN:6,DoctorPortal
FNF:1
FNH:1
FNDA:12,DoctorPortal
DA:7,12
DA:9,12
LF:2
LH:2
BRF:0
BRH:0
end_of_record
TN:
SF:src\pages\DoctorSettings.jsx
FN:5,DoctorSettings
FN:6,(anonymous_1)
FN:11,(anonymous_2)
FN:14,(anonymous_3)
FN:25,(anonymous_4)
FN:29,(anonymous_5)
FNF:6
FNH:4
FNDA:3,DoctorSettings
FNDA:9,(anonymous_1)
FNDA:1,(anonymous_2)
FNDA:0,(anonymous_3)
FNDA:0,(anonymous_4)
FNDA:1,(anonymous_5)
DA:6,9
DA:7,3
DA:8,3
DA:9,3
DA:11,3
DA:12,1
DA:13,1
DA:14,1
DA:17,3
DA:25,0
DA:29,1
LF:11
LH:10
BRDA:21,0,0,3
BRDA:21,0,1,0
BRDA:35,1,0,3
BRDA:35,1,1,1
BRF:4
BRH:3
end_of_record
TN:
SF:src\pages\ForgotPasswordPage.jsx
FN:6,ForgotPasswordPage
FN:12,(anonymous_1)
FN:48,(anonymous_2)
FNF:3
FNH:3
FNDA:25,ForgotPasswordPage
FNDA:2,(anonymous_1)
FNDA:20,(anonymous_2)
DA:7,25
DA:8,25
DA:9,25
DA:10,25
DA:12,25
DA:13,2
DA:14,2
DA:15,2
DA:16,1
DA:17,1
DA:19,1
DA:20,1
DA:21,1
DA:22,1
DA:23,1
DA:25,0
DA:29,25
DA:48,20
LF:18
LH:17
BRDA:15,0,0,1
BRDA:15,0,1,1
BRDA:22,1,0,1
BRDA:22,1,1,0
BRDA:25,2,0,0
BRDA:25,2,1,0
BRDA:36,3,0,1
BRDA:36,3,1,24
BRDA:50,4,0,24
BRDA:50,4,1,1
BRDA:53,5,0,1
BRDA:53,5,1,23
BRF:12
BRH:9
end_of_record
TN:
SF:src\pages\Landing.jsx
FN:111,Landing
FN:115,(anonymous_1)
FN:125,(anonymous_2)
FN:133,(anonymous_3)
FN:141,(anonymous_4)
FN:169,(anonymous_5)
FN:195,(anonymous_6)
FN:271,(anonymous_7)
FN:359,(anonymous_8)
FN:405,(anonymous_9)
FN:437,(anonymous_10)
FNF:11
FNH:8
FNDA:24,Landing
FNDA:73,(anonymous_1)
FNDA:1,(anonymous_2)
FNDA:0,(anonymous_3)
FNDA:2,(anonymous_4)
FNDA:0,(anonymous_5)
FNDA:0,(anonymous_6)
FNDA:72,(anonymous_7)
FNDA:72,(anonymous_8)
FNDA:1,(anonymous_9)
FNDA:16,(anonymous_10)
DA:17,11
DA:63,11
DA:75,11
DA:113,24
DA:115,73
DA:117,24
DA:119,24
DA:121,24
DA:125,24
DA:127,1
DA:133,24
DA:135,0
DA:141,24
DA:143,2
DA:145,2
DA:147,2
DA:149,1
DA:151,1
DA:155,1
DA:163,24
DA:169,0
DA:195,0
DA:271,72
DA:359,72
DA:405,1
DA:437,16
LF:26
LH:23
BRDA:147,0,0,1
BRDA:147,0,1,1
BRDA:303,1,0,0
BRDA:303,1,1,24
BRDA:361,2,0,24
BRDA:361,2,1,48
BRDA:449,3,0,24
BRDA:449,3,1,2
BRF:8
BRH:7
end_of_record
TN:
SF:src\pages\LegalPage.jsx
FN:5,LegalPage
FN:27,(anonymous_1)
FNF:2
FNH:2
FNDA:3,LegalPage
FNDA:4,(anonymous_1)
DA:6,3
DA:7,3
DA:9,3
DA:10,1
DA:20,2
DA:27,4
LF:6
LH:6
BRDA:9,0,0,1
BRDA:9,0,1,2
BRF:2
BRH:2
end_of_record
TN:
SF:src\pages\LoginPage.jsx
FN:19,LoginPage
FN:26,(anonymous_1)
FN:32,(anonymous_2)
FN:83,(anonymous_3)
FN:89,(anonymous_4)
FN:104,(anonymous_5)
FN:125,(anonymous_6)
FN:138,(anonymous_7)
FNF:8
FNH:6
FNDA:44,LoginPage
FNDA:6,(anonymous_1)
FNDA:1,(anonymous_2)
FNDA:132,(anonymous_3)
FNDA:0,(anonymous_4)
FNDA:20,(anonymous_5)
FNDA:15,(anonymous_6)
FNDA:0,(anonymous_7)
DA:7,11
DA:13,11
DA:20,44
DA:21,44
DA:22,44
DA:23,44
DA:24,44
DA:26,44
DA:27,6
DA:28,1
DA:32,44
DA:33,1
DA:34,1
DA:35,1
DA:36,1
DA:37,1
DA:38,0
DA:39,0
DA:42,1
DA:43,1
DA:44,1
DA:46,0
DA:50,44
DA:83,132
DA:89,0
DA:104,20
DA:125,15
DA:138,0
LF:28
LH:23
BRDA:27,0,0,1
BRDA:27,0,1,5
BRDA:28,1,0,1
BRDA:28,1,1,0
BRDA:35,2,0,0
BRDA:35,2,1,1
BRDA:36,3,0,0
BRDA:36,3,1,1
BRDA:37,4,0,0
BRDA:37,4,1,1
BRDA:43,5,0,1
BRDA:43,5,1,0
BRDA:44,6,0,1
BRDA:44,6,1,0
BRDA:88,7,0,44
BRDA:88,7,1,88
BRDA:106,8,0,44
BRDA:106,8,1,0
BRDA:127,9,0,44
BRDA:127,9,1,0
BRF:20
BRH:12
end_of_record
TN:
SF:src\pages\MyAppointments.jsx
FN:21,MyAppointments
FN:26,(anonymous_1)
FN:29,(anonymous_2)
FN:48,(anonymous_3)
FN:100,(anonymous_4)
FN:103,(anonymous_5)
FN:112,(anonymous_6)
FN:126,(anonymous_7)
FN:139,(anonymous_8)
FN:139,(anonymous_9)
FNF:10
FNH:7
FNDA:4,MyAppointments
FNDA:3,(anonymous_1)
FNDA:1,(anonymous_2)
FNDA:0,(anonymous_3)
FNDA:0,(anonymous_4)
FNDA:1,(anonymous_5)
FNDA:8,(anonymous_6)
FNDA:0,(anonymous_7)
FNDA:1,(anonymous_8)
FNDA:1,(anonymous_9)
DA:9,11
DA:15,11
DA:22,4
DA:23,4
DA:24,4
DA:26,4
DA:27,4
DA:29,4
DA:30,1
DA:31,1
DA:34,4
DA:48,0
DA:100,0
DA:103,1
DA:112,8
DA:126,0
DA:139,1
LF:17
LH:14
BRDA:27,0,0,1
BRDA:27,0,1,3
BRDA:100,1,0,3
BRDA:100,1,1,1
BRDA:103,2,0,1
BRDA:103,2,1,3
BRDA:109,3,0,0
BRDA:109,3,1,4
BRDA:125,4,0,8
BRDA:125,4,1,2
BRDA:141,5,0,1
BRDA:141,5,1,3
BRF:12
BRH:11
end_of_record
TN:
SF:src\pages\PatientDashboard.jsx
FN:23,PatientDashboard
FN:26,(anonymous_1)
FN:27,(anonymous_2)
FN:36,(anonymous_3)
FN:41,(anonymous_4)
FN:59,(anonymous_5)
FN:62,(anonymous_6)
FN:97,(anonymous_7)
FN:97,(anonymous_8)
FN:112,(anonymous_9)
FN:126,(anonymous_10)
FN:126,(anonymous_11)
FN:132,(anonymous_12)
FN:146,(anonymous_13)
FNF:14
FNH:11
FNDA:11,PatientDashboard
FNDA:34,(anonymous_1)
FNDA:34,(anonymous_2)
FNDA:1,(anonymous_3)
FNDA:1,(anonymous_4)
FNDA:0,(anonymous_5)
FNDA:0,(anonymous_6)
FNDA:1,(anonymous_7)
FNDA:1,(anonymous_8)
FNDA:0,(anonymous_9)
FNDA:1,(anonymous_10)
FNDA:1,(anonymous_11)
FNDA:23,(anonymous_12)
FNDA:1,(anonymous_13)
DA:10,11
DA:16,11
DA:24,11
DA:25,11
DA:26,34
DA:27,34
DA:29,11
DA:30,11
DA:31,11
DA:33,11
DA:34,11
DA:36,11
DA:37,1
DA:38,1
DA:41,11
DA:42,1
DA:45,11
DA:59,0
DA:62,0
DA:97,1
DA:112,0
DA:126,1
DA:132,23
DA:146,1
LF:24
LH:21
BRDA:33,0,0,11
BRDA:33,0,1,1
BRDA:34,1,0,1
BRDA:34,1,1,10
BRDA:38,2,0,1
BRDA:38,2,1,0
BRDA:68,3,0,11
BRDA:68,3,1,1
BRDA:99,4,0,2
BRDA:99,4,1,9
BRDA:101,5,0,11
BRDA:101,5,1,2
BRDA:128,6,0,1
BRDA:128,6,1,10
BRDA:134,7,0,1
BRDA:134,7,1,22
BRDA:135,8,0,22
BRDA:135,8,1,1
BRDA:140,9,0,23
BRDA:140,9,1,22
BRDA:148,10,0,1
BRDA:148,10,1,21
BRF:22
BRH:21
end_of_record
TN:
SF:src\pages\ProfilePage.jsx
FN:9,ProfilePage
FN:16,(anonymous_1)
FN:40,(anonymous_2)
FN:49,(anonymous_3)
FN:57,(anonymous_4)
FNF:5
FNH:3
FNDA:26,ProfilePage
FNDA:2,(anonymous_1)
FNDA:21,(anonymous_2)
FNDA:0,(anonymous_3)
FNDA:0,(anonymous_4)
DA:10,26
DA:11,26
DA:12,26
DA:13,26
DA:14,26
DA:16,26
DA:17,2
DA:18,2
DA:19,1
DA:20,1
DA:22,1
DA:23,1
DA:26,26
DA:40,21
DA:49,0
DA:57,0
LF:16
LH:14
BRDA:12,0,0,26
BRDA:12,0,1,0
BRDA:13,1,0,26
BRDA:13,1,1,0
BRDA:18,2,0,1
BRDA:18,2,1,1
BRDA:18,3,0,2
BRDA:18,3,1,1
BRDA:52,4,0,26
BRDA:52,4,1,2
BRF:10
BRH:8
end_of_record
TN:
SF:src\pages\RegisterPage.jsx
FN:7,RegisterPage
FN:21,(anonymous_1)
FN:23,(anonymous_2)
FN:29,(anonymous_3)
FN:42,(anonymous_4)
FNF:5
FNH:1
FNDA:2,RegisterPage
FNDA:0,(anonymous_1)
FNDA:0,(anonymous_2)
FNDA:0,(anonymous_3)
FNDA:0,(anonymous_4)
DA:8,2
DA:9,2
DA:10,2
DA:18,2
DA:19,2
DA:21,2
DA:22,0
DA:23,0
DA:29,2
DA:30,0
DA:31,0
DA:32,0
DA:33,0
DA:34,0
DA:35,0
DA:36,0
DA:38,0
DA:39,0
DA:42,2
DA:43,0
DA:44,0
DA:45,0
DA:46,0
DA:47,0
DA:50,0
DA:51,0
DA:52,0
DA:53,0
DA:55,0
DA:64,0
DA:65,0
DA:66,0
DA:68,0
DA:72,2
LF:34
LH:9
BRDA:25,0,0,0
BRDA:25,0,1,0
BRDA:31,1,0,0
BRDA:31,1,1,0
BRDA:32,2,0,0
BRDA:32,2,1,0
BRDA:33,3,0,0
BRDA:33,3,1,0
BRDA:34,4,0,0
BRDA:34,4,1,0
BRDA:35,5,0,0
BRDA:35,5,1,0
BRDA:35,6,0,0
BRDA:35,6,1,0
BRDA:38,7,0,0
BRDA:38,7,1,0
BRDA:45,8,0,0
BRDA:45,8,1,0
BRDA:52,9,0,0
BRDA:52,9,1,0
BRDA:53,10,0,0
BRDA:53,10,1,0
BRDA:65,11,0,0
BRDA:65,11,1,0
BRDA:68,12,0,0
BRDA:68,12,1,0
BRDA:114,13,0,2
BRDA:114,13,1,0
BRDA:180,14,0,2
BRDA:180,14,1,0
BRDA:185,15,0,0
BRDA:185,15,1,2
BRF:32
BRH:3
end_of_record
TN:
SF:src\services\api.js
FN:17,(anonymous_0)
FN:24,(anonymous_1)
FN:29,(anonymous_2)
FN:30,(anonymous_3)
FN:53,(anonymous_4)
FN:79,(anonymous_5)
FN:97,(anonymous_6)
FN:107,(anonymous_7)
FN:117,(anonymous_8)
FN:135,(anonymous_9)
FNF:10
FNH:6
FNDA:6,(anonymous_0)
FNDA:0,(anonymous_1)
FNDA:0,(anonymous_2)
FNDA:6,(anonymous_3)
FNDA:1,(anonymous_4)
FNDA:0,(anonymous_5)
FNDA:1,(anonymous_6)
FNDA:0,(anonymous_7)
FNDA:2,(anonymous_8)
FNDA:2,(anonymous_9)
DA:5,12
DA:7,12
DA:16,12
DA:18,6
DA:19,6
DA:20,1
DA:22,6
DA:24,0
DA:28,12
DA:29,0
DA:31,6
DA:32,0
DA:33,6
DA:34,6
DA:36,0
DA:38,6
DA:43,12
DA:49,12
DA:52,12
DA:54,1
DA:55,1
DA:58,0
DA:59,0
DA:60,0
DA:61,0
DA:64,0
DA:67,1
DA:68,1
DA:69,1
DA:70,1
DA:71,1
DA:74,0
DA:75,1
DA:80,0
DA:81,0
DA:82,0
DA:83,0
DA:85,0
DA:86,0
DA:88,0
DA:90,0
DA:91,0
DA:93,0
DA:98,1
DA:99,1
DA:103,1
DA:108,0
DA:109,0
DA:110,0
DA:113,0
DA:118,2
DA:119,2
DA:120,0
DA:121,0
DA:123,0
DA:125,2
DA:126,2
DA:128,0
DA:136,2
DA:137,2
DA:143,0
DA:144,0
DA:145,0
DA:146,0
DA:148,0
DA:150,2
DA:155,2
DA:156,2
DA:158,2
DA:159,0
DA:160,0
DA:161,0
DA:162,0
DA:168,2
DA:169,0
DA:172,2
DA:178,2
DA:179,2
DA:180,2
DA:182,0
DA:183,2
LF:81
LH:42
BRDA:5,0,0,12
BRDA:5,0,1,12
BRDA:19,1,0,1
BRDA:19,1,1,5
BRDA:31,2,0,0
BRDA:31,2,1,6
BRDA:33,3,0,6
BRDA:33,3,1,0
BRDA:58,4,0,0
BRDA:58,4,1,0
BRDA:58,5,0,0
BRDA:58,5,1,0
BRDA:64,6,0,0
BRDA:64,6,1,0
BRDA:67,7,0,1
BRDA:67,7,1,0
BRDA:67,8,0,1
BRDA:67,8,1,0
BRDA:67,8,2,0
BRDA:67,8,3,0
BRDA:74,9,0,0
BRDA:74,9,1,0
BRDA:82,10,0,0
BRDA:82,10,1,0
BRDA:85,11,0,0
BRDA:85,11,1,0
BRDA:90,12,0,0
BRDA:90,12,1,0
BRDA:90,13,0,0
BRDA:90,13,1,0
BRDA:90,13,2,0
BRDA:110,14,0,0
BRDA:110,14,1,0
BRDA:120,15,0,0
BRDA:120,15,1,0
BRDA:123,16,0,0
BRDA:123,16,1,0
BRDA:125,17,0,2
BRDA:125,17,1,0
BRDA:125,18,0,2
BRDA:125,18,1,0
BRDA:125,18,2,0
BRDA:130,19,0,0
BRDA:130,19,1,0
BRDA:143,20,0,0
BRDA:143,20,1,0
BRDA:143,21,0,0
BRDA:143,21,1,0
BRDA:148,22,0,0
BRDA:148,22,1,0
BRDA:150,23,0,2
BRDA:150,23,1,0
BRDA:151,24,0,2
BRDA:151,24,1,0
BRDA:151,24,2,0
BRDA:158,25,0,0
BRDA:158,25,1,2
BRDA:158,26,0,2
BRDA:158,26,1,1
BRDA:161,27,0,0
BRDA:161,27,1,0
BRDA:162,28,0,0
BRDA:162,28,1,0
BRDA:168,29,0,0
BRDA:168,29,1,2
BRDA:175,30,0,2
BRDA:175,30,1,0
BRDA:182,31,0,0
BRDA:182,31,1,0
BRF:69
BRH:17
end_of_record
TN:
SF:src\services\appointmentsService.js
FN:7,(anonymous_0)
FN:17,(anonymous_1)
FN:26,(anonymous_2)
FN:36,(anonymous_3)
FN:45,(anonymous_4)
FN:55,(anonymous_5)
FNF:6
FNH:0
FNDA:0,(anonymous_0)
FNDA:0,(anonymous_1)
FNDA:0,(anonymous_2)
FNDA:0,(anonymous_3)
FNDA:0,(anonymous_4)
FNDA:0,(anonymous_5)
DA:3,0
DA:5,0
DA:8,0
DA:9,0
DA:13,0
DA:14,0
DA:18,0
DA:19,0
DA:22,0
DA:23,0
DA:27,0
DA:28,0
DA:32,0
DA:33,0
DA:37,0
DA:38,0
DA:41,0
DA:42,0
DA:46,0
DA:47,0
DA:50,0
DA:51,0
DA:56,0
DA:57,0
DA:60,0
DA:61,0
LF:26
LH:0
BRDA:8,0,0,0
BRDA:8,0,1,0
BRDA:18,1,0,0
BRDA:18,1,1,0
BRDA:27,2,0,0
BRDA:27,2,1,0
BRDA:37,3,0,0
BRDA:37,3,1,0
BRDA:46,4,0,0
BRDA:46,4,1,0
BRDA:56,5,0,0
BRDA:56,5,1,0
BRF:12
BRH:0
end_of_record
TN:
SF:src\services\calendarService.js
FN:6,(anonymous_0)
FN:15,(anonymous_1)
FN:24,(anonymous_2)
FN:33,(anonymous_3)
FN:42,(anonymous_4)
FNF:5
FNH:0
FNDA:0,(anonymous_0)
FNDA:0,(anonymous_1)
FNDA:0,(anonymous_2)
FNDA:0,(anonymous_3)
FNDA:0,(anonymous_4)
DA:3,0
DA:5,0
DA:7,0
DA:8,0
DA:11,0
DA:12,0
DA:16,0
DA:17,0
DA:20,0
DA:21,0
DA:25,0
DA:26,0
DA:29,0
DA:30,0
DA:34,0
DA:35,0
DA:38,0
DA:39,0
DA:43,0
DA:44,0
DA:47,0
DA:48,0
LF:22
LH:0
BRDA:7,0,0,0
BRDA:7,0,1,0
BRDA:16,1,0,0
BRDA:16,1,1,0
BRDA:25,2,0,0
BRDA:25,2,1,0
BRDA:34,3,0,0
BRDA:34,3,1,0
BRDA:43,4,0,0
BRDA:43,4,1,0
BRF:10
BRH:0
end_of_record
TN:
SF:src\services\endpoints.js
FN:3,(anonymous_0)
FN:5,(anonymous_1)
FN:9,(anonymous_2)
FN:11,(anonymous_3)
FN:17,(anonymous_4)
FN:21,(anonymous_5)
FN:23,(anonymous_6)
FN:25,(anonymous_7)
FNF:8
FNH:0
FNDA:0,(anonymous_0)
FNDA:0,(anonymous_1)
FNDA:0,(anonymous_2)
FNDA:0,(anonymous_3)
FNDA:0,(anonymous_4)
FNDA:0,(anonymous_5)
FNDA:0,(anonymous_6)
FNDA:0,(anonymous_7)
DA:1,0
DA:3,0
DA:5,0
DA:9,0
DA:11,0
DA:17,0
DA:21,0
DA:23,0
DA:25,0
LF:9
LH:0
BRF:0
BRH:0
end_of_record
TN:
SF:src\services\index.js
FNF:0
FNH:0
DA:10,0
LF:1
LH:0
BRF:0
BRH:0
end_of_record
TN:
SF:src\store\appointmentsBookingStore.js
FN:10,isoToDateAndTime
FN:21,seedFromMock
FN:22,(anonymous_2)
FN:38,(anonymous_3)
FN:41,(anonymous_4)
FN:42,(anonymous_5)
FN:44,(anonymous_6)
FN:46,(anonymous_7)
FN:49,(anonymous_8)
FN:58,(anonymous_9)
FN:66,isSlotInPast
FNF:11
FNH:9
FNDA:68,isoToDateAndTime
FNDA:17,seedFromMock
FNDA:68,(anonymous_2)
FNDA:17,(anonymous_3)
FNDA:0,(anonymous_4)
FNDA:0,(anonymous_5)
FNDA:96,(anonymous_6)
FNDA:156,(anonymous_7)
FNDA:9,(anonymous_8)
FNDA:8,(anonymous_9)
FNDA:16,isSlotInPast
DA:8,17
DA:11,68
DA:12,68
DA:13,68
DA:14,68
DA:15,68
DA:16,68
DA:17,68
DA:18,68
DA:22,17
DA:23,68
DA:24,68
DA:25,68
DA:36,17
DA:38,17
DA:42,0
DA:45,96
DA:46,156
DA:50,9
DA:51,9
DA:52,1
DA:54,8
DA:58,8
DA:59,8
DA:67,16
DA:68,16
DA:69,16
DA:70,16
DA:71,16
DA:72,16
DA:73,16
LF:31
LH:30
BRDA:14,0,0,51
BRDA:14,0,1,17
BRDA:16,1,0,17
BRDA:16,1,1,51
BRDA:42,2,0,0
BRDA:42,2,1,0
BRDA:46,3,0,156
BRDA:46,3,1,123
BRDA:46,3,2,91
BRDA:51,4,0,1
BRDA:51,4,1,8
BRDA:68,5,0,0
BRDA:68,5,1,16
BRF:13
BRH:10
end_of_record
TN:
SF:src\store\authStore.js
FN:6,(anonymous_0)
FN:10,(anonymous_1)
FN:12,(anonymous_2)
FN:14,(anonymous_3)
FNF:4
FNH:4
FNDA:18,(anonymous_0)
FNDA:31,(anonymous_1)
FNDA:31,(anonymous_2)
FNDA:17,(anonymous_3)
DA:4,18
DA:6,18
DA:10,31
DA:12,31
DA:14,17
LF:5
LH:5
BRF:0
BRH:0
end_of_record
TN:
SF:src\store\doctorAvailabilityStore.js
FN:4,validateAvailabilitySlot
FN:13,(anonymous_1)
FN:16,(anonymous_2)
FN:20,(anonymous_3)
FN:24,(anonymous_4)
FN:24,(anonymous_5)
FNF:6
FNH:6
FNDA:6,validateAvailabilitySlot
FNDA:17,(anonymous_1)
FNDA:4,(anonymous_2)
FNDA:3,(anonymous_3)
FNDA:1,(anonymous_4)
FNDA:1,(anonymous_5)
DA:5,6
DA:6,5
DA:7,5
DA:8,3
DA:11,17
DA:13,17
DA:17,4
DA:18,4
DA:19,3
DA:20,3
DA:21,3
DA:24,1
LF:12
LH:12
BRDA:5,0,0,1
BRDA:5,0,1,5
BRDA:6,1,0,0
BRDA:6,1,1,5
BRDA:6,2,0,5
BRDA:6,2,1,5
BRDA:7,3,0,2
BRDA:7,3,1,3
BRDA:18,4,0,1
BRDA:18,4,1,3
BRF:10
BRH:9
end_of_record
TN:
SF:src\store\newsletterStore.js
FN:8,(anonymous_0)
FN:11,(anonymous_1)
FN:17,(anonymous_2)
FNF:3
FNH:3
FNDA:17,(anonymous_0)
FNDA:6,(anonymous_1)
FNDA:3,(anonymous_2)
DA:6,17
DA:8,17
DA:12,6
DA:13,6
DA:14,4
DA:15,1
DA:17,3
DA:18,3
LF:8
LH:8
BRDA:13,0,0,2
BRDA:13,0,1,4
BRDA:14,1,0,1
BRDA:14,1,1,3
BRF:4
BRH:4
end_of_record
TN:
SF:src\store\prescriptionRenewalsStore.js
FN:6,(anonymous_0)
FN:9,(anonymous_1)
FN:12,(anonymous_2)
FN:16,(anonymous_3)
FN:20,(anonymous_4)
FN:20,(anonymous_5)
FNF:6
FNH:6
FNDA:17,(anonymous_0)
FNDA:4,(anonymous_1)
FNDA:1,(anonymous_2)
FNDA:3,(anonymous_3)
FNDA:45,(anonymous_4)
FNDA:5,(anonymous_5)
DA:4,17
DA:6,17
DA:10,4
DA:11,4
DA:12,4
DA:13,1
DA:15,3
DA:16,3
DA:17,3
DA:20,45
LF:10
LH:10
BRDA:11,0,0,0
BRDA:11,0,1,4
BRDA:12,1,0,1
BRDA:12,1,1,3
BRDA:12,2,0,1
BRDA:12,2,1,1
BRDA:20,3,0,5
BRDA:20,3,1,3
BRF:8
BRH:7
end_of_record
TN:
SF:src\store\usersAdminStore.js
FN:15,(anonymous_0)
FN:18,(anonymous_1)
FN:20,(anonymous_2)
FN:24,(anonymous_3)
FN:25,(anonymous_4)
FN:26,(anonymous_5)
FN:30,(anonymous_6)
FN:31,(anonymous_7)
FN:31,(anonymous_8)
FN:34,(anonymous_9)
FN:34,(anonymous_10)
FN:36,(anonymous_11)
FNF:12
FNH:12
FNDA:17,(anonymous_0)
FNDA:2,(anonymous_1)
FNDA:2,(anonymous_2)
FNDA:1,(anonymous_3)
FNDA:1,(anonymous_4)
FNDA:4,(anonymous_5)
FNDA:2,(anonymous_6)
FNDA:2,(anonymous_7)
FNDA:8,(anonymous_8)
FNDA:2,(anonymous_9)
FNDA:4,(anonymous_10)
FNDA:7,(anonymous_11)
DA:6,17
DA:13,17
DA:15,17
DA:19,2
DA:20,2
DA:21,2
DA:25,1
DA:26,4
DA:31,8
DA:34,4
DA:36,7
LF:11
LH:11
BRDA:19,0,0,2
BRDA:19,0,1,2
BRDA:26,1,0,1
BRDA:26,1,1,3
BRF:4
BRH:4
end_of_record
TN:
SF:src\utils\adminUsers.js
FN:3,filterUsers
FN:4,(anonymous_1)
FN:11,paginateUsers
FN:27,generateUserId
FNF:4
FNH:4
FNDA:13,filterUsers
FNDA:48,(anonymous_1)
FNDA:13,paginateUsers
FNDA:3,generateUserId
DA:1,18
DA:4,13
DA:5,48
DA:6,48
DA:7,48
DA:12,13
DA:13,13
DA:14,13
DA:15,13
DA:17,13
DA:28,3
LF:11
LH:11
BRDA:3,0,0,13
BRDA:3,1,0,13
BRDA:5,2,0,48
BRDA:5,2,1,9
BRDA:6,3,0,48
BRDA:6,3,1,16
BRDA:7,4,0,48
BRDA:7,4,1,44
BRDA:11,5,0,13
BRDA:13,6,0,13
BRDA:13,6,1,1
BRDA:22,7,0,1
BRDA:22,7,1,12
BRF:13
BRH:13
end_of_record
TN:
SF:src\utils\appointmentsFilter.js
FN:3,filterAppointmentsByTab
FN:5,(anonymous_1)
FN:7,(anonymous_2)
FN:10,buildAppointmentsHistoryText
FN:12,(anonymous_4)
FNF:5
FNH:5
FNDA:5,filterAppointmentsByTab
FNDA:8,(anonymous_1)
FNDA:5,(anonymous_2)
FNDA:2,buildAppointmentsHistoryText
FNDA:5,(anonymous_4)
DA:1,12
DA:4,5
DA:5,8
DA:7,5
DA:11,2
DA:12,2
DA:13,5
DA:19,2
LF:8
LH:8
BRDA:4,0,0,3
BRDA:4,0,1,2
BRF:2
BRH:2
end_of_record
TN:
SF:src\utils\bookingSchedule.js
FN:13,buildSlots
FN:26,formatTime12h
FN:33,parseTime12h
FN:44,isDateBookable
FN:56,getScheduleForDate
FN:80,getDisabledReason
FN:91,formatDateLabel
FN:95,formatDateShort
FN:99,getBookableDatesInRange
FNF:9
FNH:7
FNDA:10,buildSlots
FNDA:80,formatTime12h
FNDA:20,parseTime12h
FNDA:314,isDateBookable
FNDA:9,getScheduleForDate
FNDA:2,getDisabledReason
FNDA:8,formatDateLabel
FNDA:0,formatDateShort
FNDA:0,getBookableDatesInRange
DA:14,10
DA:15,10
DA:16,10
DA:17,10
DA:18,80
DA:19,80
DA:20,80
DA:21,80
DA:23,10
DA:27,80
DA:28,80
DA:29,80
DA:30,80
DA:34,20
DA:35,20
DA:36,19
DA:37,19
DA:38,19
DA:39,19
DA:40,19
DA:41,19
DA:45,314
DA:46,288
DA:47,288
DA:48,288
DA:49,288
DA:50,288
DA:51,288
DA:53,0
DA:57,9
DA:58,0
DA:61,9
DA:62,8
DA:69,1
DA:70,1
DA:77,0
DA:81,2
DA:82,1
DA:83,0
DA:84,0
DA:85,0
DA:86,0
DA:87,0
DA:88,0
DA:92,8
DA:96,0
DA:100,0
DA:101,0
DA:102,0
DA:103,0
DA:104,0
DA:106,0
DA:107,0
DA:108,0
DA:110,0
DA:111,0
DA:114,0
LF:57
LH:36
BRDA:27,0,0,8
BRDA:27,0,1,72
BRDA:29,1,0,0
BRDA:29,1,1,80
BRDA:35,2,0,1
BRDA:35,2,1,19
BRDA:39,3,0,1
BRDA:39,3,1,18
BRDA:39,4,0,19
BRDA:39,4,1,2
BRDA:40,5,0,0
BRDA:40,5,1,19
BRDA:40,6,0,19
BRDA:40,6,1,17
BRDA:45,7,0,26
BRDA:45,7,1,288
BRDA:45,8,0,314
BRDA:45,8,1,297
BRDA:46,9,0,288
BRDA:46,9,1,0
BRDA:46,10,0,288
BRDA:46,10,1,71
BRDA:57,11,0,0
BRDA:57,11,1,9
BRDA:61,12,0,8
BRDA:61,12,1,1
BRDA:69,13,0,1
BRDA:69,13,1,0
BRDA:81,14,0,1
BRDA:81,14,1,1
BRDA:82,15,0,1
BRDA:82,15,1,0
BRDA:87,16,0,0
BRDA:87,16,1,0
BRDA:99,17,0,0
BRDA:106,18,0,0
BRDA:106,18,1,0
BRDA:107,19,0,0
BRDA:107,19,1,0
BRF:39
BRH:26
end_of_record
TN:
SF:src\utils\colombianHolidays.js
FN:23,toDateKey
FN:30,isColombianHoliday
FN:34,isSunday
FN:38,isSaturday
FN:42,isWeekday
FNF:5
FNH:5
FNDA:626,toDateKey
FNDA:541,isColombianHoliday
FNDA:597,isSunday
FNDA:81,isSaturday
FNDA:290,isWeekday
DA:5,19
DA:24,626
DA:25,626
DA:26,626
DA:27,626
DA:31,541
DA:35,597
DA:39,81
DA:43,290
DA:44,290
LF:10
LH:10
BRDA:44,0,0,290
BRDA:44,0,1,290
BRF:2
BRH:2
end_of_record
TN:
SF:src\utils\doctorSchedule.js
FN:1,filterBySearch
FN:4,(anonymous_1)
FN:5,(anonymous_2)
FN:9,filterTimelineByDate
FN:10,(anonymous_4)
FNF:5
FNH:5
FNDA:31,filterBySearch
FNDA:37,(anonymous_1)
FNDA:76,(anonymous_2)
FNDA:1,filterTimelineByDate
FNDA:2,(anonymous_4)
DA:2,31
DA:3,31
DA:4,11
DA:5,76
DA:10,2
LF:5
LH:5
BRDA:3,0,0,20
BRDA:3,0,1,11
BRDA:5,1,0,76
BRDA:5,1,1,0
BRF:4
BRH:3
end_of_record
TN:
SF:src\utils\downloadFile.js
FN:1,downloadTextFile
FNF:1
FNH:1
FNDA:3,downloadTextFile
DA:2,3
DA:3,3
DA:4,3
DA:5,3
DA:6,3
DA:7,3
DA:8,3
LF:7
LH:7
BRDA:1,0,0,3
BRF:1
BRH:1
end_of_record
TN:
SF:src\utils\legalContent.js
FN:79,getLegalPage
FNF:1
FNH:1
FNDA:5,getLegalPage
DA:1,13
DA:80,5
DA:83,13
LF:3
LH:3
BRDA:80,0,0,5
BRDA:80,0,1,2
BRF:2
BRH:2
end_of_record
TN:
SF:src\utils\newsletter.js
FN:3,validateNewsletterEmail
FNF:1
FNH:1
FNDA:9,validateNewsletterEmail
DA:1,18
DA:4,9
DA:5,9
DA:6,7
DA:7,5
LF:5
LH:5
BRDA:5,0,0,2
BRDA:5,0,1,7
BRDA:6,1,0,2
BRDA:6,1,1,5
BRF:4
BRH:4
end_of_record
TN:
SF:src\utils\socialAuth.js
FN:11,getEmailDomain
FN:16,isGmailAddress
FN:20,isMicrosoftPersonalEmail
FN:24,validateProviderEmail
FNF:4
FNH:4
FNDA:9,getEmailDomain
FNDA:4,isGmailAddress
FNDA:4,isMicrosoftPersonalEmail
FNDA:3,validateProviderEmail
DA:1,12
DA:2,12
DA:12,9
DA:13,9
DA:17,4
DA:21,4
DA:25,3
DA:26,0
DA:28,3
DA:29,1
DA:31,2
DA:32,1
DA:37,1
DA:40,12
DA:41,12
LF:15
LH:14
BRDA:13,0,0,9
BRDA:13,0,1,0
BRDA:25,1,0,0
BRDA:25,1,1,3
BRDA:28,2,0,1
BRDA:28,2,1,2
BRDA:28,3,0,3
BRDA:28,3,1,2
BRDA:31,4,0,1
BRDA:31,4,1,1
BRDA:31,5,0,2
BRDA:31,5,1,1
BRF:12
BRH:10
end_of_record
